<?xml version="1.0" encoding="UTF-8"?>
<!-- Generated by org.testng.reporters.JUnitReportReporter -->
<testsuite hostname="mauricio-Inspiron-7558" failures="0" tests="2" name="RegistrAppTest" time="0.109" errors="0" timestamp="2020-10-08T10:19:16 PET" skipped="0">
  <testcase classname="RegistrAppTest" name="TestMaxUsers" time="0.063"/>
  <testcase classname="RegistrAppTest" name="TestRunTime" time="0.046"/>
</testsuite> <!-- RegistrAppTest -->
